  Compiling CUDA source file kernel.cu...
  
  D:\Szkola\0 Projekty i PDF\Projekty Karty Graficzne\CUDA\LAB_1_KD>"C:\Program Files\NVIDIA GPU Computing Toolkit\CUDA\v11.8\bin\nvcc.exe" -gencode=arch=compute_52,code=\"sm_52,compute_52\" --use-local-env -ccbin "C:\Program Files\Microsoft Visual Studio\2022\Professional\VC\Tools\MSVC\14.34.31933\bin\HostX64\x64" -x cu -rdc=true  -I"C:\Program Files\NVIDIA GPU Computing Toolkit\CUDA\v11.8\include" -I"C:\Program Files\NVIDIA GPU Computing Toolkit\CUDA\v11.8\include"  -G   --keep-dir x64\Debug  -maxrregcount=0  --machine 64 --compile -cudart static  -g  -DWIN32 -DWIN64 -D_DEBUG -D_CONSOLE -D_MBCS -Xcompiler "/EHsc /W3 /nologo /Od /Fdx64\Debug\vc143.pdb /FS /Zi /RTC1 /MTd " -o "D:\Szkola\0 Projekty i PDF\Projekty Karty Graficzne\CUDA\LAB_1_KD\x64\Debug\kernel.cu.obj" "D:\Szkola\0 Projekty i PDF\Projekty Karty Graficzne\CUDA\LAB_1_KD\kernel.cu" 
  kernel.cu
D:\Szkola\0 Projekty i PDF\Projekty Karty Graficzne\CUDA\LAB_1_KD\kernel.cu(23): warning C4244: "argument": konwersja z "time_t" do "unsigned int", możliwa utrata danych
  
  D:\Szkola\0 Projekty i PDF\Projekty Karty Graficzne\CUDA\LAB_1_KD>"C:\Program Files\NVIDIA GPU Computing Toolkit\CUDA\v11.8\bin\nvcc.exe" -dlink -o x64\Debug\LAB_1_KD.device-link.obj -Xcompiler "/EHsc /W3 /nologo /Od /Fdx64\Debug\vc143.pdb /Zi /RTC1 /MTd " -L"C:\Program Files\NVIDIA GPU Computing Toolkit\CUDA\v11.8\bin/crt" -L"C:\Program Files\NVIDIA GPU Computing Toolkit\CUDA\v11.8\lib\x64" cudadevrt.lib cudart_static.lib kernel32.lib user32.lib gdi32.lib winspool.lib comdlg32.lib advapi32.lib shell32.lib ole32.lib oleaut32.lib uuid.lib odbc32.lib odbccp32.lib cudart.lib  -gencode=arch=compute_52,code=sm_52 -G --machine 64 "D:\Szkola\0 Projekty i PDF\Projekty Karty Graficzne\CUDA\LAB_1_KD\x64\Debug\kernel.cu.obj" 
  cudadevrt.lib
  cudart_static.lib
  kernel32.lib
  user32.lib
  gdi32.lib
  winspool.lib
  comdlg32.lib
  advapi32.lib
  shell32.lib
  ole32.lib
  oleaut32.lib
  uuid.lib
  odbc32.lib
  odbccp32.lib
  cudart.lib
  kernel.cu.obj
     Trwa tworzenie biblioteki D:\Szkola\0 Projekty i PDF\Projekty Karty Graficzne\CUDA\LAB_1_KD\x64\Debug\LAB_1_KD.lib i obiektu D:\Szkola\0 Projekty i PDF\Projekty Karty Graficzne\CUDA\LAB_1_KD\x64\Debug\LAB_1_KD.exp
LINK : warning LNK4098: domyślna biblioteka „LIBCMT” powoduje konflikt z innymi bibliotekami; użyj opcji /NODEFAULTLIB:biblioteka
  LAB_1_KD.vcxproj -> D:\Szkola\0 Projekty i PDF\Projekty Karty Graficzne\CUDA\LAB_1_KD\x64\Debug\LAB_1_KD.exe
